


          SolidWorks Corporation - STEP Processor Error Log
          ______________________________________________________

                       STEP Post Processor
                       ___________________


STEP File Name: C:\Users\Steven\Documents\GitHub\4-way-ventilator-splitter\02_Development\3WayValve\3WayConicalValve\3WayConicalValveAssembly.step



Error: Entity type not supported.
STEP-in did not complete successfully.

Error: Entity type not supported.
STEP-in did not complete successfully.

Error: Entity type not supported.
STEP-in did not complete successfully.

Error: Entity type not supported.
STEP-in did not complete successfully.

Error: Entity type not supported.
STEP-in did not complete successfully.

Error: Entity type not supported.
STEP-in did not complete successfully.

Error: Entity type not supported.
STEP-in did not complete successfully.

Error: Entity type not supported.
STEP-in did not complete successfully.

Error: Entity type not supported.
STEP-in did not complete successfully.

Error: Entity type not supported.
STEP-in did not complete successfully.

Error: Entity type not supported.
STEP-in did not complete successfully.

Error: Entity type not supported.
STEP-in did not complete successfully.

Error: Entity type not supported.
STEP-in did not complete successfully.

Error: Entity type not supported.
STEP-in did not complete successfully.

Error: Entity type not supported.
STEP-in did not complete successfully.

Error: Entity type not supported.
STEP-in did not complete successfully.
Surfaces successfully processed into a solid body.
STEP-in completed.Surfaces successfully processed into a solid body.
STEP-in completed.Surfaces successfully processed into a solid body.
STEP-in completed.Surfaces successfully processed into a solid body.
STEP-in completed.Surfaces successfully processed into a solid body.
STEP-in completed.Surfaces successfully processed into a solid body.
STEP-in completed.Surfaces successfully processed into a solid body.
STEP-in completed.Surfaces successfully processed into a solid body.
STEP-in completed.
Error: Unable to create solid from trimmed surfaces.
STEP-in did not complete successfully.
